{
  "0 debug pnpm:scope": {
    "selected": 1
  },
  "1 error pnpm": {
    "errno": 1,
    "code": "ELIFECYCLE",
    "pkgid": "my-vite-app@0.0.0",
    "stage": "test",
    "script": "jest \"--watch\"",
    "pkgname": "my-vite-app",
    "err": {
      "name": "pnpm",
      "message": "my-vite-app@0.0.0 test: `jest \"--watch\"`\nExit status 1",
      "code": "ELIFECYCLE",
      "stack": "pnpm: my-vite-app@0.0.0 test: `jest \"--watch\"`\nExit status 1\n    at EventEmitter.<anonymous> (/Users/harrydiamond/.nvm/versions/node/v14.17.6/pnpm-global/5/node_modules/.pnpm/pnpm@6.32.1/node_modules/pnpm/dist/pnpm.cjs:105685:20)\n    at EventEmitter.emit (events.js:400:28)\n    at ChildProcess.<anonymous> (/Users/harrydiamond/.nvm/versions/node/v14.17.6/pnpm-global/5/node_modules/.pnpm/pnpm@6.32.1/node_modules/pnpm/dist/pnpm.cjs:92232:18)\n    at ChildProcess.emit (events.js:400:28)\n    at maybeClose (internal/child_process.js:1055:16)\n    at Process.ChildProcess._handle.onexit (internal/child_process.js:288:5)"
    }
  },
  "2 warn pnpm:global": " Local package.json exists, but node_modules missing, did you mean to install?"
}